2024-03-21 16:16:07,618 INFO o.s.b.StartupInfoLogger [main] Starting Main using Java 21.0.1 with PID 24204 (C:\Users\A238509\ideaproject\Proje_3_spr\target\classes started by A238509 in C:\Users\A238509\ideaproject\Proje_3_spr)
2024-03-21 16:16:07,623 INFO o.s.b.SpringApplication [main] No active profile set, falling back to 1 default profile: "default"
2024-03-21 16:16:08,550 INFO o.s.d.r.c.RepositoryConfigurationDelegate [main] Bootstrapping Spring Data JPA repositories in DEFAULT mode.
2024-03-21 16:16:08,610 INFO o.s.d.r.c.RepositoryConfigurationDelegate [main] Finished Spring Data repository scanning in 52 ms. Found 2 JPA repository interfaces.
2024-03-21 16:16:09,458 INFO o.s.b.w.e.t.TomcatWebServer [main] Tomcat initialized with port 7070 (http)
2024-03-21 16:16:09,471 INFO o.a.j.l.DirectJDKLog [main] Initializing ProtocolHandler ["http-nio-7070"]
2024-03-21 16:16:09,475 INFO o.a.j.l.DirectJDKLog [main] Starting service [Tomcat]
2024-03-21 16:16:09,476 INFO o.a.j.l.DirectJDKLog [main] Starting Servlet engine: [Apache Tomcat/10.1.19]
2024-03-21 16:16:09,539 INFO o.a.j.l.DirectJDKLog [main] Initializing Spring embedded WebApplicationContext
2024-03-21 16:16:09,542 INFO o.s.b.w.s.c.ServletWebServerApplicationContext [main] Root WebApplicationContext: initialization completed in 1877 ms
2024-03-21 16:16:10,209 INFO o.h.j.i.u.LogHelper [main] HHH000204: Processing PersistenceUnitInfo [name: default]
2024-03-21 16:16:10,321 INFO o.h.Version [main] HHH000412: Hibernate ORM core version 6.4.4.Final
2024-03-21 16:16:10,368 INFO o.h.c.i.RegionFactoryInitiator [main] HHH000026: Second-level cache disabled
2024-03-21 16:16:10,673 INFO o.s.o.j.p.SpringPersistenceUnitInfo [main] No LoadTimeWeaver setup: ignoring JPA class transformer
2024-03-21 16:16:10,703 INFO c.z.h.HikariDataSource [main] HikariPool-1 - Starting...
2024-03-21 16:16:10,842 INFO c.z.h.p.HikariPool [main] HikariPool-1 - Added connection conn0: url=jdbc:h2:mem:fd96a107-d5ac-41de-a311-61a76f030824 user=SA
2024-03-21 16:16:10,843 INFO c.z.h.HikariDataSource [main] HikariPool-1 - Start completed.
2024-03-21 16:16:11,548 INFO o.h.e.t.j.p.i.JtaPlatformInitiator [main] HHH000489: No JTA platform available (set 'hibernate.transaction.jta.platform' to enable JTA platform integration)
2024-03-21 16:16:11,582 INFO o.s.o.j.AbstractEntityManagerFactoryBean [main] Initialized JPA EntityManagerFactory for persistence unit 'default'
2024-03-21 16:16:12,416 WARN o.s.b.a.o.j.JpaBaseConfiguration$JpaWebConfiguration [main] spring.jpa.open-in-view is enabled by default. Therefore, database queries may be performed during view rendering. Explicitly configure spring.jpa.open-in-view to disable this warning
2024-03-21 16:16:13,477 INFO o.s.b.a.e.w.EndpointLinksResolver [main] Exposing 1 endpoint(s) beneath base path '/actuator'
2024-03-21 16:16:13,612 INFO o.a.j.l.DirectJDKLog [main] Starting ProtocolHandler ["http-nio-7070"]
2024-03-21 16:16:13,651 INFO o.s.b.w.e.t.TomcatWebServer [main] Tomcat started on port 7070 (http) with context path ''
2024-03-21 16:16:13,669 INFO o.s.b.StartupInfoLogger [main] Started Main in 6.532 seconds (process running for 6.9)
2024-03-21 16:18:24,956 INFO o.s.o.j.AbstractEntityManagerFactoryBean [SpringApplicationShutdownHook] Closing JPA EntityManagerFactory for persistence unit 'default'
2024-03-21 16:18:24,960 INFO c.z.h.HikariDataSource [SpringApplicationShutdownHook] HikariPool-1 - Shutdown initiated...
2024-03-21 16:18:24,963 INFO c.z.h.HikariDataSource [SpringApplicationShutdownHook] HikariPool-1 - Shutdown completed.
