2024-03-21 16:16:07,618 INFO o.s.b.StartupInfoLogger [main] Starting Main using Java 21.0.1 with PID 24204 (C:\Users\A238509\ideaproject\Proje_3_spr\target\classes started by A238509 in C:\Users\A238509\ideaproject\Proje_3_spr)
2024-03-21 16:16:07,623 INFO o.s.b.SpringApplication [main] No active profile set, falling back to 1 default profile: "default"
2024-03-21 16:16:08,550 INFO o.s.d.r.c.RepositoryConfigurationDelegate [main] Bootstrapping Spring Data JPA repositories in DEFAULT mode.
2024-03-21 16:16:08,610 INFO o.s.d.r.c.RepositoryConfigurationDelegate [main] Finished Spring Data repository scanning in 52 ms. Found 2 JPA repository interfaces.
2024-03-21 16:16:09,458 INFO o.s.b.w.e.t.TomcatWebServer [main] Tomcat initialized with port 7070 (http)
2024-03-21 16:16:09,471 INFO o.a.j.l.DirectJDKLog [main] Initializing ProtocolHandler ["http-nio-7070"]
2024-03-21 16:16:09,475 INFO o.a.j.l.DirectJDKLog [main] Starting service [Tomcat]
2024-03-21 16:16:09,476 INFO o.a.j.l.DirectJDKLog [main] Starting Servlet engine: [Apache Tomcat/10.1.19]
2024-03-21 16:16:09,539 INFO o.a.j.l.DirectJDKLog [main] Initializing Spring embedded WebApplicationContext
2024-03-21 16:16:09,542 INFO o.s.b.w.s.c.ServletWebServerApplicationContext [main] Root WebApplicationContext: initialization completed in 1877 ms
2024-03-21 16:16:10,209 INFO o.h.j.i.u.LogHelper [main] HHH000204: Processing PersistenceUnitInfo [name: default]
2024-03-21 16:16:10,321 INFO o.h.Version [main] HHH000412: Hibernate ORM core version 6.4.4.Final
2024-03-21 16:16:10,368 INFO o.h.c.i.RegionFactoryInitiator [main] HHH000026: Second-level cache disabled
2024-03-21 16:16:10,673 INFO o.s.o.j.p.SpringPersistenceUnitInfo [main] No LoadTimeWeaver setup: ignoring JPA class transformer
2024-03-21 16:16:10,703 INFO c.z.h.HikariDataSource [main] HikariPool-1 - Starting...
2024-03-21 16:16:10,842 INFO c.z.h.p.HikariPool [main] HikariPool-1 - Added connection conn0: url=jdbc:h2:mem:fd96a107-d5ac-41de-a311-61a76f030824 user=SA
2024-03-21 16:16:10,843 INFO c.z.h.HikariDataSource [main] HikariPool-1 - Start completed.
2024-03-21 16:16:11,548 INFO o.h.e.t.j.p.i.JtaPlatformInitiator [main] HHH000489: No JTA platform available (set 'hibernate.transaction.jta.platform' to enable JTA platform integration)
2024-03-21 16:16:11,582 INFO o.s.o.j.AbstractEntityManagerFactoryBean [main] Initialized JPA EntityManagerFactory for persistence unit 'default'
2024-03-21 16:16:12,416 WARN o.s.b.a.o.j.JpaBaseConfiguration$JpaWebConfiguration [main] spring.jpa.open-in-view is enabled by default. Therefore, database queries may be performed during view rendering. Explicitly configure spring.jpa.open-in-view to disable this warning
2024-03-21 16:16:13,477 INFO o.s.b.a.e.w.EndpointLinksResolver [main] Exposing 1 endpoint(s) beneath base path '/actuator'
2024-03-21 16:16:13,612 INFO o.a.j.l.DirectJDKLog [main] Starting ProtocolHandler ["http-nio-7070"]
2024-03-21 16:16:13,651 INFO o.s.b.w.e.t.TomcatWebServer [main] Tomcat started on port 7070 (http) with context path ''
2024-03-21 16:16:13,669 INFO o.s.b.StartupInfoLogger [main] Started Main in 6.532 seconds (process running for 6.9)
2024-03-21 16:18:24,956 INFO o.s.o.j.AbstractEntityManagerFactoryBean [SpringApplicationShutdownHook] Closing JPA EntityManagerFactory for persistence unit 'default'
2024-03-21 16:18:24,960 INFO c.z.h.HikariDataSource [SpringApplicationShutdownHook] HikariPool-1 - Shutdown initiated...
2024-03-21 16:18:24,963 INFO c.z.h.HikariDataSource [SpringApplicationShutdownHook] HikariPool-1 - Shutdown completed.
2024-03-21 16:19:37,192 INFO o.s.b.StartupInfoLogger [main] Starting Main using Java 21.0.1 with PID 29236 (C:\Users\A238509\ideaproject\Proje_3_spr\target\classes started by A238509 in C:\Users\A238509\ideaproject\Proje_3_spr)
2024-03-21 16:19:37,194 INFO o.s.b.SpringApplication [main] No active profile set, falling back to 1 default profile: "default"
2024-03-21 16:19:38,065 INFO o.s.d.r.c.RepositoryConfigurationDelegate [main] Bootstrapping Spring Data JPA repositories in DEFAULT mode.
2024-03-21 16:19:38,114 INFO o.s.d.r.c.RepositoryConfigurationDelegate [main] Finished Spring Data repository scanning in 40 ms. Found 2 JPA repository interfaces.
2024-03-21 16:19:38,907 INFO o.s.b.w.e.t.TomcatWebServer [main] Tomcat initialized with port 7070 (http)
2024-03-21 16:19:38,918 INFO o.a.j.l.DirectJDKLog [main] Initializing ProtocolHandler ["http-nio-7070"]
2024-03-21 16:19:38,922 INFO o.a.j.l.DirectJDKLog [main] Starting service [Tomcat]
2024-03-21 16:19:38,922 INFO o.a.j.l.DirectJDKLog [main] Starting Servlet engine: [Apache Tomcat/10.1.19]
2024-03-21 16:19:38,980 INFO o.a.j.l.DirectJDKLog [main] Initializing Spring embedded WebApplicationContext
2024-03-21 16:19:38,981 INFO o.s.b.w.s.c.ServletWebServerApplicationContext [main] Root WebApplicationContext: initialization completed in 1738 ms
2024-03-21 16:19:39,723 INFO o.h.j.i.u.LogHelper [main] HHH000204: Processing PersistenceUnitInfo [name: default]
2024-03-21 16:19:39,928 INFO o.h.Version [main] HHH000412: Hibernate ORM core version 6.4.4.Final
2024-03-21 16:19:39,996 INFO o.h.c.i.RegionFactoryInitiator [main] HHH000026: Second-level cache disabled
2024-03-21 16:19:40,277 INFO o.s.o.j.p.SpringPersistenceUnitInfo [main] No LoadTimeWeaver setup: ignoring JPA class transformer
2024-03-21 16:19:40,316 INFO c.z.h.HikariDataSource [main] HikariPool-1 - Starting...
2024-03-21 16:19:40,472 INFO c.z.h.p.HikariPool [main] HikariPool-1 - Added connection conn0: url=jdbc:h2:mem:05ac9956-3c3c-4733-aeaa-a3b62e212ff2 user=SA
2024-03-21 16:19:40,474 INFO c.z.h.HikariDataSource [main] HikariPool-1 - Start completed.
2024-03-21 16:19:41,260 INFO o.h.e.t.j.p.i.JtaPlatformInitiator [main] HHH000489: No JTA platform available (set 'hibernate.transaction.jta.platform' to enable JTA platform integration)
2024-03-21 16:19:41,300 INFO o.s.o.j.AbstractEntityManagerFactoryBean [main] Initialized JPA EntityManagerFactory for persistence unit 'default'
2024-03-21 16:19:42,160 WARN o.s.b.a.o.j.JpaBaseConfiguration$JpaWebConfiguration [main] spring.jpa.open-in-view is enabled by default. Therefore, database queries may be performed during view rendering. Explicitly configure spring.jpa.open-in-view to disable this warning
2024-03-21 16:19:43,322 INFO o.s.b.a.e.w.EndpointLinksResolver [main] Exposing 1 endpoint(s) beneath base path '/actuator'
2024-03-21 16:19:43,431 INFO o.a.j.l.DirectJDKLog [main] Starting ProtocolHandler ["http-nio-7070"]
2024-03-21 16:19:43,458 INFO o.s.b.w.e.t.TomcatWebServer [main] Tomcat started on port 7070 (http) with context path ''
2024-03-21 16:19:43,472 INFO o.s.b.StartupInfoLogger [main] Started Main in 6.739 seconds (process running for 7.136)
2024-03-21 16:35:12,373 INFO o.s.o.j.AbstractEntityManagerFactoryBean [SpringApplicationShutdownHook] Closing JPA EntityManagerFactory for persistence unit 'default'
2024-03-21 16:35:12,379 INFO c.z.h.HikariDataSource [SpringApplicationShutdownHook] HikariPool-1 - Shutdown initiated...
2024-03-21 16:35:12,382 INFO c.z.h.HikariDataSource [SpringApplicationShutdownHook] HikariPool-1 - Shutdown completed.
2024-03-21 17:45:23,142 INFO o.s.b.StartupInfoLogger [main] Starting Main using Java 21.0.1 with PID 10384 (C:\Users\A238509\ideaproject\Proje_3_spr\target\classes started by A238509 in C:\Users\A238509\ideaproject\Proje_3_spr)
2024-03-21 17:45:23,145 INFO o.s.b.SpringApplication [main] No active profile set, falling back to 1 default profile: "default"
2024-03-21 17:45:24,041 INFO o.s.d.r.c.RepositoryConfigurationDelegate [main] Bootstrapping Spring Data JPA repositories in DEFAULT mode.
2024-03-21 17:45:24,090 INFO o.s.d.r.c.RepositoryConfigurationDelegate [main] Finished Spring Data repository scanning in 41 ms. Found 2 JPA repository interfaces.
2024-03-21 17:45:24,882 INFO o.s.b.w.e.t.TomcatWebServer [main] Tomcat initialized with port 7070 (http)
2024-03-21 17:45:24,895 INFO o.a.j.l.DirectJDKLog [main] Initializing ProtocolHandler ["http-nio-7070"]
2024-03-21 17:45:24,898 INFO o.a.j.l.DirectJDKLog [main] Starting service [Tomcat]
2024-03-21 17:45:24,898 INFO o.a.j.l.DirectJDKLog [main] Starting Servlet engine: [Apache Tomcat/10.1.19]
2024-03-21 17:45:24,950 INFO o.a.j.l.DirectJDKLog [main] Initializing Spring embedded WebApplicationContext
2024-03-21 17:45:24,951 INFO o.s.b.w.s.c.ServletWebServerApplicationContext [main] Root WebApplicationContext: initialization completed in 1767 ms
2024-03-21 17:45:25,633 INFO o.h.j.i.u.LogHelper [main] HHH000204: Processing PersistenceUnitInfo [name: default]
2024-03-21 17:45:25,791 INFO o.h.Version [main] HHH000412: Hibernate ORM core version 6.4.4.Final
2024-03-21 17:45:25,844 INFO o.h.c.i.RegionFactoryInitiator [main] HHH000026: Second-level cache disabled
2024-03-21 17:45:26,114 INFO o.s.o.j.p.SpringPersistenceUnitInfo [main] No LoadTimeWeaver setup: ignoring JPA class transformer
2024-03-21 17:45:26,156 INFO c.z.h.HikariDataSource [main] HikariPool-1 - Starting...
2024-03-21 17:45:26,300 INFO c.z.h.p.HikariPool [main] HikariPool-1 - Added connection conn0: url=jdbc:h2:mem:aede3f04-3145-4817-a03a-741cb54146fb user=SA
2024-03-21 17:45:26,302 INFO c.z.h.HikariDataSource [main] HikariPool-1 - Start completed.
2024-03-21 17:45:27,110 INFO o.h.e.t.j.p.i.JtaPlatformInitiator [main] HHH000489: No JTA platform available (set 'hibernate.transaction.jta.platform' to enable JTA platform integration)
2024-03-21 17:45:27,144 INFO o.s.o.j.AbstractEntityManagerFactoryBean [main] Initialized JPA EntityManagerFactory for persistence unit 'default'
2024-03-21 17:45:28,100 WARN o.s.b.a.o.j.JpaBaseConfiguration$JpaWebConfiguration [main] spring.jpa.open-in-view is enabled by default. Therefore, database queries may be performed during view rendering. Explicitly configure spring.jpa.open-in-view to disable this warning
2024-03-21 17:45:29,041 INFO o.s.b.a.e.w.EndpointLinksResolver [main] Exposing 1 endpoint(s) beneath base path '/actuator'
2024-03-21 17:45:29,141 INFO o.a.j.l.DirectJDKLog [main] Starting ProtocolHandler ["http-nio-7070"]
2024-03-21 17:45:29,170 INFO o.s.b.w.e.t.TomcatWebServer [main] Tomcat started on port 7070 (http) with context path ''
2024-03-21 17:45:29,182 INFO o.s.b.StartupInfoLogger [main] Started Main in 6.491 seconds (process running for 6.834)
2024-03-21 17:46:28,150 INFO o.a.j.l.DirectJDKLog [http-nio-7070-exec-1] Initializing Spring DispatcherServlet 'dispatcherServlet'
2024-03-21 17:46:28,151 INFO o.s.w.s.FrameworkServlet [http-nio-7070-exec-1] Initializing Servlet 'dispatcherServlet'
2024-03-21 17:46:28,154 INFO o.s.w.s.FrameworkServlet [http-nio-7070-exec-1] Completed initialization in 3 ms
2024-03-21 18:05:36,841 INFO o.s.o.j.AbstractEntityManagerFactoryBean [SpringApplicationShutdownHook] Closing JPA EntityManagerFactory for persistence unit 'default'
2024-03-21 18:05:36,845 INFO c.z.h.HikariDataSource [SpringApplicationShutdownHook] HikariPool-1 - Shutdown initiated...
2024-03-21 18:05:36,847 INFO c.z.h.HikariDataSource [SpringApplicationShutdownHook] HikariPool-1 - Shutdown completed.
2024-03-21 18:08:03,620 INFO o.s.b.StartupInfoLogger [main] Starting Main using Java 21.0.1 with PID 29128 (C:\Users\A238509\ideaproject\Proje_3_spr\target\classes started by A238509 in C:\Users\A238509\ideaproject\Proje_3_spr)
2024-03-21 18:08:03,622 INFO o.s.b.SpringApplication [main] No active profile set, falling back to 1 default profile: "default"
2024-03-21 18:08:04,437 INFO o.s.d.r.c.RepositoryConfigurationDelegate [main] Bootstrapping Spring Data JPA repositories in DEFAULT mode.
2024-03-21 18:08:04,485 INFO o.s.d.r.c.RepositoryConfigurationDelegate [main] Finished Spring Data repository scanning in 40 ms. Found 2 JPA repository interfaces.
2024-03-21 18:08:05,232 INFO o.s.b.w.e.t.TomcatWebServer [main] Tomcat initialized with port 7070 (http)
2024-03-21 18:08:05,253 INFO o.a.j.l.DirectJDKLog [main] Initializing ProtocolHandler ["http-nio-7070"]
2024-03-21 18:08:05,257 INFO o.a.j.l.DirectJDKLog [main] Starting service [Tomcat]
2024-03-21 18:08:05,258 INFO o.a.j.l.DirectJDKLog [main] Starting Servlet engine: [Apache Tomcat/10.1.19]
2024-03-21 18:08:05,382 INFO o.a.j.l.DirectJDKLog [main] Initializing Spring embedded WebApplicationContext
2024-03-21 18:08:05,384 INFO o.s.b.w.s.c.ServletWebServerApplicationContext [main] Root WebApplicationContext: initialization completed in 1728 ms
2024-03-21 18:08:05,817 INFO o.h.j.i.u.LogHelper [main] HHH000204: Processing PersistenceUnitInfo [name: default]
2024-03-21 18:08:05,874 INFO o.h.Version [main] HHH000412: Hibernate ORM core version 6.4.4.Final
2024-03-21 18:08:05,902 INFO o.h.c.i.RegionFactoryInitiator [main] HHH000026: Second-level cache disabled
2024-03-21 18:08:06,154 INFO o.s.o.j.p.SpringPersistenceUnitInfo [main] No LoadTimeWeaver setup: ignoring JPA class transformer
2024-03-21 18:08:06,204 INFO c.z.h.HikariDataSource [main] HikariPool-1 - Starting...
2024-03-21 18:08:06,333 INFO c.z.h.p.HikariPool [main] HikariPool-1 - Added connection conn0: url=jdbc:h2:mem:d11988e9-741c-4e6d-932f-be8a81946b8c user=SA
2024-03-21 18:08:06,334 INFO c.z.h.HikariDataSource [main] HikariPool-1 - Start completed.
2024-03-21 18:08:06,469 ERROR o.s.o.j.AbstractEntityManagerFactoryBean [main] Failed to initialize JPA EntityManagerFactory: Association 'org.example.entity.Seller.products' is 'mappedBy' another entity and may not specify the '@JoinColumn'
2024-03-21 18:08:06,470 WARN o.s.c.s.AbstractApplicationContext [main] Exception encountered during context initialization - cancelling refresh attempt: org.springframework.beans.factory.BeanCreationException: Error creating bean with name 'entityManagerFactory' defined in class path resource [org/springframework/boot/autoconfigure/orm/jpa/HibernateJpaConfiguration.class]: Association 'org.example.entity.Seller.products' is 'mappedBy' another entity and may not specify the '@JoinColumn'
2024-03-21 18:08:06,470 INFO c.z.h.HikariDataSource [main] HikariPool-1 - Shutdown initiated...
2024-03-21 18:08:06,472 INFO c.z.h.HikariDataSource [main] HikariPool-1 - Shutdown completed.
2024-03-21 18:08:06,476 INFO o.a.j.l.DirectJDKLog [main] Stopping service [Tomcat]
2024-03-21 18:08:06,487 INFO o.s.b.a.l.ConditionEvaluationReportLogger [main] 

Error starting ApplicationContext. To display the condition evaluation report re-run your application with 'debug' enabled.
2024-03-21 18:08:06,501 ERROR o.s.b.SpringApplication [main] Application run failed
org.springframework.beans.factory.BeanCreationException: Error creating bean with name 'entityManagerFactory' defined in class path resource [org/springframework/boot/autoconfigure/orm/jpa/HibernateJpaConfiguration.class]: Association 'org.example.entity.Seller.products' is 'mappedBy' another entity and may not specify the '@JoinColumn'
	at org.springframework.beans.factory.support.AbstractAutowireCapableBeanFactory.initializeBean(AbstractAutowireCapableBeanFactory.java:1786)
	at org.springframework.beans.factory.support.AbstractAutowireCapableBeanFactory.doCreateBean(AbstractAutowireCapableBeanFactory.java:600)
	at org.springframework.beans.factory.support.AbstractAutowireCapableBeanFactory.createBean(AbstractAutowireCapableBeanFactory.java:522)
	at org.springframework.beans.factory.support.AbstractBeanFactory.lambda$doGetBean$0(AbstractBeanFactory.java:325)
	at org.springframework.beans.factory.support.DefaultSingletonBeanRegistry.getSingleton(DefaultSingletonBeanRegistry.java:234)
	at org.springframework.beans.factory.support.AbstractBeanFactory.doGetBean(AbstractBeanFactory.java:323)
	at org.springframework.beans.factory.support.AbstractBeanFactory.getBean(AbstractBeanFactory.java:199)
	at org.springframework.context.support.AbstractApplicationContext.getBean(AbstractApplicationContext.java:1231)
	at org.springframework.context.support.AbstractApplicationContext.finishBeanFactoryInitialization(AbstractApplicationContext.java:949)
	at org.springframework.context.support.AbstractApplicationContext.refresh(AbstractApplicationContext.java:624)
	at org.springframework.boot.web.servlet.context.ServletWebServerApplicationContext.refresh(ServletWebServerApplicationContext.java:146)
	at org.springframework.boot.SpringApplication.refresh(SpringApplication.java:754)
	at org.springframework.boot.SpringApplication.refreshContext(SpringApplication.java:456)
	at org.springframework.boot.SpringApplication.run(SpringApplication.java:334)
	at org.springframework.boot.SpringApplication.run(SpringApplication.java:1354)
	at org.springframework.boot.SpringApplication.run(SpringApplication.java:1343)
	at org.example.Main.main(Main.java:11)
Caused by: org.hibernate.AnnotationException: Association 'org.example.entity.Seller.products' is 'mappedBy' another entity and may not specify the '@JoinColumn'
	at org.hibernate.boot.model.internal.CollectionBinder.detectMappedByProblem(CollectionBinder.java:1274)
	at org.hibernate.boot.model.internal.CollectionBinder.bind(CollectionBinder.java:1189)
	at org.hibernate.boot.model.internal.CollectionBinder.bindCollection(CollectionBinder.java:364)
	at org.hibernate.boot.model.internal.PropertyBinder.bindProperty(PropertyBinder.java:874)
	at org.hibernate.boot.model.internal.PropertyBinder.buildProperty(PropertyBinder.java:788)
	at org.hibernate.boot.model.internal.PropertyBinder.processElementAnnotations(PropertyBinder.java:709)
	at org.hibernate.boot.model.internal.EntityBinder.processIdPropertiesIfNotAlready(EntityBinder.java:1041)
	at org.hibernate.boot.model.internal.EntityBinder.handleIdentifier(EntityBinder.java:357)
	at org.hibernate.boot.model.internal.EntityBinder.bindEntityClass(EntityBinder.java:237)
	at org.hibernate.boot.model.internal.AnnotationBinder.bindClass(AnnotationBinder.java:423)
	at org.hibernate.boot.model.source.internal.annotations.AnnotationMetadataSourceProcessorImpl.processEntityHierarchies(AnnotationMetadataSourceProcessorImpl.java:256)
	at org.hibernate.boot.model.process.spi.MetadataBuildingProcess$1.processEntityHierarchies(MetadataBuildingProcess.java:279)
	at org.hibernate.boot.model.process.spi.MetadataBuildingProcess.complete(MetadataBuildingProcess.java:322)
	at org.hibernate.jpa.boot.internal.EntityManagerFactoryBuilderImpl.metadata(EntityManagerFactoryBuilderImpl.java:1432)
	at org.hibernate.jpa.boot.internal.EntityManagerFactoryBuilderImpl.build(EntityManagerFactoryBuilderImpl.java:1503)
	at org.springframework.orm.jpa.vendor.SpringHibernateJpaPersistenceProvider.createContainerEntityManagerFactory(SpringHibernateJpaPersistenceProvider.java:75)
	at org.springframework.orm.jpa.LocalContainerEntityManagerFactoryBean.createNativeEntityManagerFactory(LocalContainerEntityManagerFactoryBean.java:388)
	at org.springframework.orm.jpa.AbstractEntityManagerFactoryBean.buildNativeEntityManagerFactory(AbstractEntityManagerFactoryBean.java:409)
	at org.springframework.orm.jpa.AbstractEntityManagerFactoryBean.afterPropertiesSet(AbstractEntityManagerFactoryBean.java:396)
	at org.springframework.orm.jpa.LocalContainerEntityManagerFactoryBean.afterPropertiesSet(LocalContainerEntityManagerFactoryBean.java:364)
	at org.springframework.beans.factory.support.AbstractAutowireCapableBeanFactory.invokeInitMethods(AbstractAutowireCapableBeanFactory.java:1833)
	at org.springframework.beans.factory.support.AbstractAutowireCapableBeanFactory.initializeBean(AbstractAutowireCapableBeanFactory.java:1782)
	... 16 common frames omitted
2024-03-21 18:08:41,022 INFO o.s.b.StartupInfoLogger [main] Starting Main using Java 21.0.1 with PID 2324 (C:\Users\A238509\ideaproject\Proje_3_spr\target\classes started by A238509 in C:\Users\A238509\ideaproject\Proje_3_spr)
2024-03-21 18:08:41,024 INFO o.s.b.SpringApplication [main] No active profile set, falling back to 1 default profile: "default"
2024-03-21 18:08:41,885 INFO o.s.d.r.c.RepositoryConfigurationDelegate [main] Bootstrapping Spring Data JPA repositories in DEFAULT mode.
2024-03-21 18:08:41,940 INFO o.s.d.r.c.RepositoryConfigurationDelegate [main] Finished Spring Data repository scanning in 43 ms. Found 2 JPA repository interfaces.
2024-03-21 18:08:42,675 INFO o.s.b.w.e.t.TomcatWebServer [main] Tomcat initialized with port 7070 (http)
2024-03-21 18:08:42,688 INFO o.a.j.l.DirectJDKLog [main] Initializing ProtocolHandler ["http-nio-7070"]
2024-03-21 18:08:42,692 INFO o.a.j.l.DirectJDKLog [main] Starting service [Tomcat]
2024-03-21 18:08:42,693 INFO o.a.j.l.DirectJDKLog [main] Starting Servlet engine: [Apache Tomcat/10.1.19]
2024-03-21 18:08:42,782 INFO o.a.j.l.DirectJDKLog [main] Initializing Spring embedded WebApplicationContext
2024-03-21 18:08:42,785 INFO o.s.b.w.s.c.ServletWebServerApplicationContext [main] Root WebApplicationContext: initialization completed in 1727 ms
2024-03-21 18:08:43,228 INFO o.h.j.i.u.LogHelper [main] HHH000204: Processing PersistenceUnitInfo [name: default]
2024-03-21 18:08:43,285 INFO o.h.Version [main] HHH000412: Hibernate ORM core version 6.4.4.Final
2024-03-21 18:08:43,324 INFO o.h.c.i.RegionFactoryInitiator [main] HHH000026: Second-level cache disabled
2024-03-21 18:08:43,565 INFO o.s.o.j.p.SpringPersistenceUnitInfo [main] No LoadTimeWeaver setup: ignoring JPA class transformer
2024-03-21 18:08:43,594 INFO c.z.h.HikariDataSource [main] HikariPool-1 - Starting...
2024-03-21 18:08:43,713 INFO c.z.h.p.HikariPool [main] HikariPool-1 - Added connection conn0: url=jdbc:h2:mem:bc643bb2-539b-425c-b466-0cf929e5cac6 user=SA
2024-03-21 18:08:43,714 INFO c.z.h.HikariDataSource [main] HikariPool-1 - Start completed.
2024-03-21 18:08:43,854 ERROR o.s.o.j.AbstractEntityManagerFactoryBean [main] Failed to initialize JPA EntityManagerFactory: Association 'org.example.entity.Seller.products' is 'mappedBy' another entity and may not specify the '@JoinColumn'
2024-03-21 18:08:43,854 WARN o.s.c.s.AbstractApplicationContext [main] Exception encountered during context initialization - cancelling refresh attempt: org.springframework.beans.factory.BeanCreationException: Error creating bean with name 'entityManagerFactory' defined in class path resource [org/springframework/boot/autoconfigure/orm/jpa/HibernateJpaConfiguration.class]: Association 'org.example.entity.Seller.products' is 'mappedBy' another entity and may not specify the '@JoinColumn'
2024-03-21 18:08:43,855 INFO c.z.h.HikariDataSource [main] HikariPool-1 - Shutdown initiated...
2024-03-21 18:08:43,862 INFO c.z.h.HikariDataSource [main] HikariPool-1 - Shutdown completed.
2024-03-21 18:08:43,865 INFO o.a.j.l.DirectJDKLog [main] Stopping service [Tomcat]
2024-03-21 18:08:43,874 INFO o.s.b.a.l.ConditionEvaluationReportLogger [main] 

Error starting ApplicationContext. To display the condition evaluation report re-run your application with 'debug' enabled.
2024-03-21 18:08:43,886 ERROR o.s.b.SpringApplication [main] Application run failed
org.springframework.beans.factory.BeanCreationException: Error creating bean with name 'entityManagerFactory' defined in class path resource [org/springframework/boot/autoconfigure/orm/jpa/HibernateJpaConfiguration.class]: Association 'org.example.entity.Seller.products' is 'mappedBy' another entity and may not specify the '@JoinColumn'
	at org.springframework.beans.factory.support.AbstractAutowireCapableBeanFactory.initializeBean(AbstractAutowireCapableBeanFactory.java:1786)
	at org.springframework.beans.factory.support.AbstractAutowireCapableBeanFactory.doCreateBean(AbstractAutowireCapableBeanFactory.java:600)
	at org.springframework.beans.factory.support.AbstractAutowireCapableBeanFactory.createBean(AbstractAutowireCapableBeanFactory.java:522)
	at org.springframework.beans.factory.support.AbstractBeanFactory.lambda$doGetBean$0(AbstractBeanFactory.java:325)
	at org.springframework.beans.factory.support.DefaultSingletonBeanRegistry.getSingleton(DefaultSingletonBeanRegistry.java:234)
	at org.springframework.beans.factory.support.AbstractBeanFactory.doGetBean(AbstractBeanFactory.java:323)
	at org.springframework.beans.factory.support.AbstractBeanFactory.getBean(AbstractBeanFactory.java:199)
	at org.springframework.context.support.AbstractApplicationContext.getBean(AbstractApplicationContext.java:1231)
	at org.springframework.context.support.AbstractApplicationContext.finishBeanFactoryInitialization(AbstractApplicationContext.java:949)
	at org.springframework.context.support.AbstractApplicationContext.refresh(AbstractApplicationContext.java:624)
	at org.springframework.boot.web.servlet.context.ServletWebServerApplicationContext.refresh(ServletWebServerApplicationContext.java:146)
	at org.springframework.boot.SpringApplication.refresh(SpringApplication.java:754)
	at org.springframework.boot.SpringApplication.refreshContext(SpringApplication.java:456)
	at org.springframework.boot.SpringApplication.run(SpringApplication.java:334)
	at org.springframework.boot.SpringApplication.run(SpringApplication.java:1354)
	at org.springframework.boot.SpringApplication.run(SpringApplication.java:1343)
	at org.example.Main.main(Main.java:11)
Caused by: org.hibernate.AnnotationException: Association 'org.example.entity.Seller.products' is 'mappedBy' another entity and may not specify the '@JoinColumn'
	at org.hibernate.boot.model.internal.CollectionBinder.detectMappedByProblem(CollectionBinder.java:1274)
	at org.hibernate.boot.model.internal.CollectionBinder.bind(CollectionBinder.java:1189)
	at org.hibernate.boot.model.internal.CollectionBinder.bindCollection(CollectionBinder.java:364)
	at org.hibernate.boot.model.internal.PropertyBinder.bindProperty(PropertyBinder.java:874)
	at org.hibernate.boot.model.internal.PropertyBinder.buildProperty(PropertyBinder.java:788)
	at org.hibernate.boot.model.internal.PropertyBinder.processElementAnnotations(PropertyBinder.java:709)
	at org.hibernate.boot.model.internal.EntityBinder.processIdPropertiesIfNotAlready(EntityBinder.java:1041)
	at org.hibernate.boot.model.internal.EntityBinder.handleIdentifier(EntityBinder.java:357)
	at org.hibernate.boot.model.internal.EntityBinder.bindEntityClass(EntityBinder.java:237)
	at org.hibernate.boot.model.internal.AnnotationBinder.bindClass(AnnotationBinder.java:423)
	at org.hibernate.boot.model.source.internal.annotations.AnnotationMetadataSourceProcessorImpl.processEntityHierarchies(AnnotationMetadataSourceProcessorImpl.java:256)
	at org.hibernate.boot.model.process.spi.MetadataBuildingProcess$1.processEntityHierarchies(MetadataBuildingProcess.java:279)
	at org.hibernate.boot.model.process.spi.MetadataBuildingProcess.complete(MetadataBuildingProcess.java:322)
	at org.hibernate.jpa.boot.internal.EntityManagerFactoryBuilderImpl.metadata(EntityManagerFactoryBuilderImpl.java:1432)
	at org.hibernate.jpa.boot.internal.EntityManagerFactoryBuilderImpl.build(EntityManagerFactoryBuilderImpl.java:1503)
	at org.springframework.orm.jpa.vendor.SpringHibernateJpaPersistenceProvider.createContainerEntityManagerFactory(SpringHibernateJpaPersistenceProvider.java:75)
	at org.springframework.orm.jpa.LocalContainerEntityManagerFactoryBean.createNativeEntityManagerFactory(LocalContainerEntityManagerFactoryBean.java:388)
	at org.springframework.orm.jpa.AbstractEntityManagerFactoryBean.buildNativeEntityManagerFactory(AbstractEntityManagerFactoryBean.java:409)
	at org.springframework.orm.jpa.AbstractEntityManagerFactoryBean.afterPropertiesSet(AbstractEntityManagerFactoryBean.java:396)
	at org.springframework.orm.jpa.LocalContainerEntityManagerFactoryBean.afterPropertiesSet(LocalContainerEntityManagerFactoryBean.java:364)
	at org.springframework.beans.factory.support.AbstractAutowireCapableBeanFactory.invokeInitMethods(AbstractAutowireCapableBeanFactory.java:1833)
	at org.springframework.beans.factory.support.AbstractAutowireCapableBeanFactory.initializeBean(AbstractAutowireCapableBeanFactory.java:1782)
	... 16 common frames omitted
2024-03-21 18:19:04,494 INFO o.s.b.StartupInfoLogger [main] Starting Main using Java 21.0.1 with PID 25056 (C:\Users\A238509\ideaproject\Proje_3_spr\target\classes started by A238509 in C:\Users\A238509\ideaproject\Proje_3_spr)
2024-03-21 18:19:04,496 INFO o.s.b.SpringApplication [main] No active profile set, falling back to 1 default profile: "default"
2024-03-21 18:19:05,425 INFO o.s.d.r.c.RepositoryConfigurationDelegate [main] Bootstrapping Spring Data JPA repositories in DEFAULT mode.
2024-03-21 18:19:05,485 INFO o.s.d.r.c.RepositoryConfigurationDelegate [main] Finished Spring Data repository scanning in 49 ms. Found 2 JPA repository interfaces.
2024-03-21 18:19:06,259 INFO o.s.b.w.e.t.TomcatWebServer [main] Tomcat initialized with port 7070 (http)
2024-03-21 18:19:06,270 INFO o.a.j.l.DirectJDKLog [main] Initializing ProtocolHandler ["http-nio-7070"]
2024-03-21 18:19:06,273 INFO o.a.j.l.DirectJDKLog [main] Starting service [Tomcat]
2024-03-21 18:19:06,273 INFO o.a.j.l.DirectJDKLog [main] Starting Servlet engine: [Apache Tomcat/10.1.19]
2024-03-21 18:19:06,341 INFO o.a.j.l.DirectJDKLog [main] Initializing Spring embedded WebApplicationContext
2024-03-21 18:19:06,342 INFO o.s.b.w.s.c.ServletWebServerApplicationContext [main] Root WebApplicationContext: initialization completed in 1808 ms
2024-03-21 18:19:06,845 INFO o.h.j.i.u.LogHelper [main] HHH000204: Processing PersistenceUnitInfo [name: default]
2024-03-21 18:19:06,998 INFO o.h.Version [main] HHH000412: Hibernate ORM core version 6.4.4.Final
2024-03-21 18:19:07,084 INFO o.h.c.i.RegionFactoryInitiator [main] HHH000026: Second-level cache disabled
2024-03-21 18:19:07,370 INFO o.s.o.j.p.SpringPersistenceUnitInfo [main] No LoadTimeWeaver setup: ignoring JPA class transformer
2024-03-21 18:19:07,403 INFO c.z.h.HikariDataSource [main] HikariPool-1 - Starting...
2024-03-21 18:19:07,564 INFO c.z.h.p.HikariPool [main] HikariPool-1 - Added connection conn0: url=jdbc:h2:mem:9b6ab24d-fdd1-4dfc-a448-b2e00d8eb4b1 user=SA
2024-03-21 18:19:07,565 INFO c.z.h.HikariDataSource [main] HikariPool-1 - Start completed.
2024-03-21 18:19:07,733 ERROR o.s.o.j.AbstractEntityManagerFactoryBean [main] Failed to initialize JPA EntityManagerFactory: Association 'org.example.entity.Seller.products' is 'mappedBy' another entity and may not specify the '@JoinColumn'
2024-03-21 18:19:07,735 WARN o.s.c.s.AbstractApplicationContext [main] Exception encountered during context initialization - cancelling refresh attempt: org.springframework.beans.factory.BeanCreationException: Error creating bean with name 'entityManagerFactory' defined in class path resource [org/springframework/boot/autoconfigure/orm/jpa/HibernateJpaConfiguration.class]: Association 'org.example.entity.Seller.products' is 'mappedBy' another entity and may not specify the '@JoinColumn'
2024-03-21 18:19:07,735 INFO c.z.h.HikariDataSource [main] HikariPool-1 - Shutdown initiated...
2024-03-21 18:19:07,746 INFO c.z.h.HikariDataSource [main] HikariPool-1 - Shutdown completed.
2024-03-21 18:19:07,751 INFO o.a.j.l.DirectJDKLog [main] Stopping service [Tomcat]
2024-03-21 18:19:07,762 INFO o.s.b.a.l.ConditionEvaluationReportLogger [main] 

Error starting ApplicationContext. To display the condition evaluation report re-run your application with 'debug' enabled.
2024-03-21 18:19:07,780 ERROR o.s.b.SpringApplication [main] Application run failed
org.springframework.beans.factory.BeanCreationException: Error creating bean with name 'entityManagerFactory' defined in class path resource [org/springframework/boot/autoconfigure/orm/jpa/HibernateJpaConfiguration.class]: Association 'org.example.entity.Seller.products' is 'mappedBy' another entity and may not specify the '@JoinColumn'
	at org.springframework.beans.factory.support.AbstractAutowireCapableBeanFactory.initializeBean(AbstractAutowireCapableBeanFactory.java:1786)
	at org.springframework.beans.factory.support.AbstractAutowireCapableBeanFactory.doCreateBean(AbstractAutowireCapableBeanFactory.java:600)
	at org.springframework.beans.factory.support.AbstractAutowireCapableBeanFactory.createBean(AbstractAutowireCapableBeanFactory.java:522)
	at org.springframework.beans.factory.support.AbstractBeanFactory.lambda$doGetBean$0(AbstractBeanFactory.java:325)
	at org.springframework.beans.factory.support.DefaultSingletonBeanRegistry.getSingleton(DefaultSingletonBeanRegistry.java:234)
	at org.springframework.beans.factory.support.AbstractBeanFactory.doGetBean(AbstractBeanFactory.java:323)
	at org.springframework.beans.factory.support.AbstractBeanFactory.getBean(AbstractBeanFactory.java:199)
	at org.springframework.context.support.AbstractApplicationContext.getBean(AbstractApplicationContext.java:1231)
	at org.springframework.context.support.AbstractApplicationContext.finishBeanFactoryInitialization(AbstractApplicationContext.java:949)
	at org.springframework.context.support.AbstractApplicationContext.refresh(AbstractApplicationContext.java:624)
	at org.springframework.boot.web.servlet.context.ServletWebServerApplicationContext.refresh(ServletWebServerApplicationContext.java:146)
	at org.springframework.boot.SpringApplication.refresh(SpringApplication.java:754)
	at org.springframework.boot.SpringApplication.refreshContext(SpringApplication.java:456)
	at org.springframework.boot.SpringApplication.run(SpringApplication.java:334)
	at org.springframework.boot.SpringApplication.run(SpringApplication.java:1354)
	at org.springframework.boot.SpringApplication.run(SpringApplication.java:1343)
	at org.example.Main.main(Main.java:11)
Caused by: org.hibernate.AnnotationException: Association 'org.example.entity.Seller.products' is 'mappedBy' another entity and may not specify the '@JoinColumn'
	at org.hibernate.boot.model.internal.CollectionBinder.detectMappedByProblem(CollectionBinder.java:1274)
	at org.hibernate.boot.model.internal.CollectionBinder.bind(CollectionBinder.java:1189)
	at org.hibernate.boot.model.internal.CollectionBinder.bindCollection(CollectionBinder.java:364)
	at org.hibernate.boot.model.internal.PropertyBinder.bindProperty(PropertyBinder.java:874)
	at org.hibernate.boot.model.internal.PropertyBinder.buildProperty(PropertyBinder.java:788)
	at org.hibernate.boot.model.internal.PropertyBinder.processElementAnnotations(PropertyBinder.java:709)
	at org.hibernate.boot.model.internal.EntityBinder.processIdPropertiesIfNotAlready(EntityBinder.java:1041)
	at org.hibernate.boot.model.internal.EntityBinder.handleIdentifier(EntityBinder.java:357)
	at org.hibernate.boot.model.internal.EntityBinder.bindEntityClass(EntityBinder.java:237)
	at org.hibernate.boot.model.internal.AnnotationBinder.bindClass(AnnotationBinder.java:423)
	at org.hibernate.boot.model.source.internal.annotations.AnnotationMetadataSourceProcessorImpl.processEntityHierarchies(AnnotationMetadataSourceProcessorImpl.java:256)
	at org.hibernate.boot.model.process.spi.MetadataBuildingProcess$1.processEntityHierarchies(MetadataBuildingProcess.java:279)
	at org.hibernate.boot.model.process.spi.MetadataBuildingProcess.complete(MetadataBuildingProcess.java:322)
	at org.hibernate.jpa.boot.internal.EntityManagerFactoryBuilderImpl.metadata(EntityManagerFactoryBuilderImpl.java:1432)
	at org.hibernate.jpa.boot.internal.EntityManagerFactoryBuilderImpl.build(EntityManagerFactoryBuilderImpl.java:1503)
	at org.springframework.orm.jpa.vendor.SpringHibernateJpaPersistenceProvider.createContainerEntityManagerFactory(SpringHibernateJpaPersistenceProvider.java:75)
	at org.springframework.orm.jpa.LocalContainerEntityManagerFactoryBean.createNativeEntityManagerFactory(LocalContainerEntityManagerFactoryBean.java:388)
	at org.springframework.orm.jpa.AbstractEntityManagerFactoryBean.buildNativeEntityManagerFactory(AbstractEntityManagerFactoryBean.java:409)
	at org.springframework.orm.jpa.AbstractEntityManagerFactoryBean.afterPropertiesSet(AbstractEntityManagerFactoryBean.java:396)
	at org.springframework.orm.jpa.LocalContainerEntityManagerFactoryBean.afterPropertiesSet(LocalContainerEntityManagerFactoryBean.java:364)
	at org.springframework.beans.factory.support.AbstractAutowireCapableBeanFactory.invokeInitMethods(AbstractAutowireCapableBeanFactory.java:1833)
	at org.springframework.beans.factory.support.AbstractAutowireCapableBeanFactory.initializeBean(AbstractAutowireCapableBeanFactory.java:1782)
	... 16 common frames omitted
